<?xml version="1.0" encoding="UTF-8"?>
<testsuite xmlns:xsi="http://www.w3.org/2001/XMLSchema-instance" xsi:noNamespaceSchemaLocation="https://maven.apache.org/surefire/maven-surefire-plugin/xsd/surefire-test-report-3.0.xsd" version="3.0" name="com.mycompany.cobol.sample.checks.IssueOnEachFileRuleTest" time="0.004" tests="1" errors="0" skipped="0" failures="0">
  <properties>
[...]
</properties>
  <testcase name="testVisitNode" classname="com.mycompany.cobol.sample.checks.IssueOnEachFileRuleTest" time="0.002">
    <system-out><![CDATA[08:56:41.515 [Report about progress of COBOL analyzer] INFO org.B.A.A.E - 1 source file to be analyzed
08:56:41.532 [Report about progress of COBOL analyzer] INFO org.B.A.A.E - 1/1 source file has been analyzed
]]></system-out>
  </testcase>
</testsuite>